
scontrol show jobid 81807
JobId=81807 JobName=debugjob-1-andrevr
   UserId=andrevr(3073753) GroupId=vida(6020941) MCS_label=N/A
   Priority=14947528 Nice=0 Account=soscip-3-045 QOS=normal
   JobState=COMPLETING Reason=None Dependency=(null)
   Requeue=0 Restarts=0 BatchFlag=0 Reboot=0 ExitCode=0:0
   RunTime=00:04:41 TimeLimit=02:00:00 TimeMin=N/A
   SubmitTime=2020-10-08T14:24:17 EligibleTime=2020-10-08T14:24:17
   AccrueTime=Unknown
   StartTime=2020-10-08T14:24:17 EndTime=2020-10-08T14:28:58 Deadline=N/A
   SuspendTime=None SecsPreSuspend=0 LastSchedEval=2020-10-08T14:24:17
   Partition=debug AllocNode:Sid=mist-login01:89659
   ReqNodeList=(null) ExcNodeList=(null)
   NodeList=mist001
   BatchHost=mist001
   NumNodes=1 NumCPUs=32 NumTasks=8 CPUs/Task=1 ReqB:S:C:T=0:0:*:*
   TRES=cpu=32,mem=58800M,node=1,billing=1,gres/gpu=1
   Socks/Node=* NtasksPerN:B:S:C=0:0:*:* CoreSpec=*
   MinCPUsNode=1 MinMemoryNode=58800M MinTmpDiskNode=0
   Features=(null) DelayBoot=00:00:00
   OverSubscribe=OK Contiguous=0 Licenses=(null) Network=(null)
   Command=(null)
   WorkDir=/gpfs/fs0/scratch/v/vida/andrevr/6_SOSCIP_FirstSteps/inception
   Power=
   TresPerNode=gpu:1
   MailUser=(null) MailType=NONE

sacct -j 81807
       JobID    JobName    Account    Elapsed  MaxVMSize     MaxRSS  SystemCPU    UserCPU ExitCode 
------------ ---------- ---------- ---------- ---------- ---------- ---------- ---------- -------- 
81807        debugjob-+ soscip-3-+   00:04:41                        00:00.185  00:00.853      0:0 
81807.extern     extern soscip-3-+   00:04:41     83136K      7296K   00:00:00   00:00:00      0:0 
81807.0            bash soscip-3-+   00:04:38    216896K      7360K  00:00.185  00:00.853      0:0 
